[01m[K/home/ani/yc_ws/src/my_pkg/src/move_robot.cpp:[m[K In function â€˜[01m[Kint main(int, char**)[m[Kâ€™:
[01m[K/home/ani/yc_ws/src/my_pkg/src/move_robot.cpp:38:18:[m[K [01;35m[Kwarning: [m[Kunused variable â€˜[01m[KPi[m[Kâ€™ [[01;35m[K]8;;https://gcc.gnu.org/onlinedocs/gcc/Warning-Options.html#index-Wunused-variable-Wunused-variable]8;;[m[K]
   38 |     const double [01;35m[KPi[m[K = 3.14159265358979323846264;
      |                  [01;35m[K^~[m[K
[01m[K/home/ani/yc_ws/src/my_pkg/src/move_robot.cpp:[m[K At global scope:
[01m[K/home/ani/yc_ws/src/my_pkg/src/move_robot.cpp:160:1:[m[K [01;31m[Kerror: [m[Kexpected declaration before â€˜[01m[K}[m[Kâ€™ token
  160 | [01;31m[K}[m[K
      | [01;31m[K^[m[K
gmake[2]: *** [CMakeFiles/move_robot.dir/build.make:76: CMakeFiles/move_robot.dir/src/move_robot.cpp.o] Error 1
gmake[1]: *** [CMakeFiles/Makefile2:137: CMakeFiles/move_robot.dir/all] Error 2
gmake: *** [Makefile:146: all] Error 2
